2019-03-06 09:03:923 INFO  TestBase:135 - Initialize Web driver: 821576394
2019-03-06 09:03:946 INFO  WaitHelper:31 - WaitHelper object created..
2019-03-06 09:03:946 INFO  WaitHelper:41 - Implicit Wait has been set to: 120
2019-03-06 09:03:953 INFO  WaitHelper:144 - waiting for page to load for : SECONDS seconds
2019-03-06 09:03:957 INFO  WaitHelper:146 - page is loaded
2019-03-06 09:03:242 INFO  TestBase:76 - **************testLoginToApplicationStarted***************
2019-03-06 09:03:428 INFO  WaitHelper:31 - WaitHelper object created..
2019-03-06 09:03:614 INFO  WaitHelper:156 - waiting for :[[ChromeDriver: chrome on XP (9337f2483cc0afab8f37d752e09a9f35)] -> xpath: //*[@id='header']/div[2]/div/div/nav/div[1]/a] for :200 seconds
2019-03-06 09:03:697 INFO  WaitHelper:159 - element is visible now
2019-03-06 09:03:698 INFO  TestBase:168 - capturing ui navigation screen...
2019-03-06 09:03:699 INFO  JavaScriptHelper:22 - JavaScriptHelper has been initialised
2019-03-06 09:03:522 INFO  JavaScriptHelper:22 - JavaScriptHelper has been initialised
2019-03-06 09:03:614 INFO  LoginPage:69 - clicked on sign in link...
2019-03-06 09:03:253 INFO  LoginPage:75 - entering email address....1529686406836@gmail.com
2019-03-06 09:03:300 INFO  LoginPage:81 - entering password....password
2019-03-06 09:03:596 INFO  LoginPage:87 - clicking on submit button...
2019-03-06 09:03:598 INFO  JavaScriptHelper:22 - JavaScriptHelper has been initialised
2019-03-06 09:03:598 INFO  JavaScriptHelper:88 - scrolling down vertically...
2019-03-06 09:03:250 INFO  WaitHelper:31 - WaitHelper object created..
2019-03-06 09:03:282 INFO  WaitHelper:156 - waiting for :[[ChromeDriver: chrome on XP (9337f2483cc0afab8f37d752e09a9f35)] -> xpath: //*[@id='block_top_menu']/ul/li[1]/a] for :200 seconds
2019-03-06 09:03:331 INFO  WaitHelper:159 - element is visible now
2019-03-06 09:03:332 INFO  TestBase:168 - capturing ui navigation screen...
2019-03-06 09:03:332 INFO  JavaScriptHelper:22 - JavaScriptHelper has been initialised
2019-03-06 09:03:852 INFO  JavaScriptHelper:22 - JavaScriptHelper has been initialised
2019-03-06 09:03:124 ERROR VerificationHelper:31 - element is not Displayed..
2019-03-06 09:03:544 INFO  TestBase:94 - **************testLoginToApplicationFinished***************
2019-03-06 09:03:712 INFO  TestBase:135 - Initialize Web driver: 821576394
2019-03-06 09:03:728 INFO  WaitHelper:31 - WaitHelper object created..
2019-03-06 09:03:728 INFO  WaitHelper:41 - Implicit Wait has been set to: 120
2019-03-06 09:03:735 INFO  WaitHelper:144 - waiting for page to load for : SECONDS seconds
2019-03-06 09:03:740 INFO  WaitHelper:146 - page is loaded
2019-03-06 09:03:18 INFO  TestBase:76 - **************testLoginToApplicationStarted***************
2019-03-06 09:03:406 INFO  WaitHelper:31 - WaitHelper object created..
2019-03-06 09:03:521 INFO  WaitHelper:156 - waiting for :[[ChromeDriver: chrome on XP (59ca6cb7a163b7f38fa078f70fd26b0c)] -> xpath: //*[@id='header']/div[2]/div/div/nav/div[1]/a] for :200 seconds
2019-03-06 09:03:600 INFO  WaitHelper:159 - element is visible now
2019-03-06 09:03:601 INFO  TestBase:168 - capturing ui navigation screen...
2019-03-06 09:03:602 INFO  JavaScriptHelper:22 - JavaScriptHelper has been initialised
2019-03-06 09:03:479 INFO  JavaScriptHelper:22 - JavaScriptHelper has been initialised
2019-03-06 09:03:491 INFO  LoginPage:69 - clicked on sign in link...
2019-03-06 09:03:818 INFO  LoginPage:75 - entering email address....1529686406836@gmail.com
2019-03-06 09:03:672 INFO  LoginPage:81 - entering password....password
2019-03-06 09:03:148 INFO  LoginPage:87 - clicking on submit button...
2019-03-06 09:03:150 INFO  JavaScriptHelper:22 - JavaScriptHelper has been initialised
2019-03-06 09:03:151 INFO  JavaScriptHelper:88 - scrolling down vertically...
2019-03-06 09:03:262 INFO  WaitHelper:31 - WaitHelper object created..
2019-03-06 09:03:345 INFO  WaitHelper:156 - waiting for :[[ChromeDriver: chrome on XP (59ca6cb7a163b7f38fa078f70fd26b0c)] -> xpath: //*[@id='block_top_menu']/ul/li[1]/a] for :200 seconds
2019-03-06 09:03:416 INFO  WaitHelper:159 - element is visible now
2019-03-06 09:03:417 INFO  TestBase:168 - capturing ui navigation screen...
2019-03-06 09:03:417 INFO  JavaScriptHelper:22 - JavaScriptHelper has been initialised
2019-03-06 09:03:37 INFO  JavaScriptHelper:22 - JavaScriptHelper has been initialised
2019-03-06 09:03:142 ERROR VerificationHelper:31 - element is not Displayed..
2019-03-06 09:03:540 INFO  TestBase:94 - **************testLoginToApplicationFinished***************
2019-03-07 13:03:218 INFO  TestBase:135 - Initialize Web driver: 821576394
2019-03-07 13:03:340 INFO  WaitHelper:31 - WaitHelper object created..
2019-03-07 13:03:341 INFO  WaitHelper:41 - Implicit Wait has been set to: 120
2019-03-07 13:03:511 INFO  WaitHelper:144 - waiting for page to load for : SECONDS seconds
2019-03-07 13:03:547 INFO  WaitHelper:146 - page is loaded
2019-03-07 13:03:95 INFO  TestBase:76 - **************testLoginToApplicationStarted***************
2019-03-07 13:03:436 INFO  WaitHelper:31 - WaitHelper object created..
2019-03-07 13:03:650 INFO  WaitHelper:156 - waiting for :[[ChromeDriver: chrome on XP (6a449350981662af4089b96632b99093)] -> xpath: //*[@id='header']/div[2]/div/div/nav/div[1]/a] for :200 seconds
2019-03-07 13:03:857 INFO  WaitHelper:159 - element is visible now
2019-03-07 13:03:858 INFO  TestBase:168 - capturing ui navigation screen...
2019-03-07 13:03:901 INFO  JavaScriptHelper:22 - JavaScriptHelper has been initialised
2019-03-07 13:03:956 INFO  JavaScriptHelper:22 - JavaScriptHelper has been initialised
2019-03-07 13:03:40 INFO  LoginPage:69 - clicked on sign in link...
2019-03-07 13:03:470 INFO  LoginPage:75 - entering email address....1529686406836@gmail.com
2019-03-07 13:03:761 INFO  LoginPage:81 - entering password....password
2019-03-07 13:03:964 INFO  LoginPage:87 - clicking on submit button...
2019-03-07 13:03:965 INFO  JavaScriptHelper:22 - JavaScriptHelper has been initialised
2019-03-07 13:03:966 INFO  JavaScriptHelper:88 - scrolling down vertically...
2019-03-07 13:03:212 INFO  WaitHelper:31 - WaitHelper object created..
2019-03-07 13:03:235 INFO  WaitHelper:156 - waiting for :[[ChromeDriver: chrome on XP (6a449350981662af4089b96632b99093)] -> xpath: //*[@id='block_top_menu']/ul/li[1]/a] for :200 seconds
2019-03-07 13:03:283 INFO  WaitHelper:159 - element is visible now
2019-03-07 13:03:284 INFO  TestBase:168 - capturing ui navigation screen...
2019-03-07 13:03:284 INFO  JavaScriptHelper:22 - JavaScriptHelper has been initialised
2019-03-07 13:03:962 INFO  JavaScriptHelper:22 - JavaScriptHelper has been initialised
2019-03-07 13:03:496 ERROR VerificationHelper:31 - element is not Displayed..
